{"/home/neo/_argo/uczelnia/_mgr/editnow/aplikacja/editnow-core/frontend/src/App.vue": {"path":"/home/neo/_argo/uczelnia/_mgr/editnow/aplikacja/editnow-core/frontend/src/App.vue","statementMap":{"0":{"start":{"line":15,"column":0},"end":{"line":null,"column":-1}},"1":{"start":{"line":19,"column":0},"end":{"line":null,"column":-1}},"2":{"start":{"line":20,"column":0},"end":{"line":24,"column":0}},"3":{"start":{"line":22,"column":0},"end":{"line":null,"column":-1}},"4":{"start":{"line":23,"column":0},"end":{"line":null,"column":-1}}},"fnMap":{"0":{"name":"(anonymous_1)","decl":{"start":{"line":20,"column":0},"end":{"line":null,"column":-1}},"loc":{"start":{"line":20,"column":0},"end":{"line":24,"column":0}}}},"branchMap":{},"s":{"0":1,"1":1,"2":1,"3":0,"4":0},"f":{"0":0},"b":{}}
,"/home/neo/_argo/uczelnia/_mgr/editnow/aplikacja/editnow-core/frontend/src/store.js": {"path":"/home/neo/_argo/uczelnia/_mgr/editnow/aplikacja/editnow-core/frontend/src/store.js","statementMap":{"0":{"start":{"line":1,"column":0},"end":{"line":null,"column":-1}},"1":{"start":{"line":2,"column":0},"end":{"line":null,"column":-1}},"2":{"start":{"line":3,"column":0},"end":{"line":null,"column":-1}},"3":{"start":{"line":4,"column":0},"end":{"line":null,"column":-1}},"4":{"start":{"line":6,"column":18},"end":{"line":6,"column":0}},"5":{"start":{"line":8,"column":0},"end":{"line":null,"column":-1}},"6":{"start":{"line":17,"column":12},"end":{"line":null,"column":-1}},"7":{"start":{"line":20,"column":12},"end":{"line":null,"column":-1}},"8":{"start":{"line":25,"column":12},"end":{"line":null,"column":-1}},"9":{"start":{"line":26,"column":33},"end":{"line":26,"column":16}},"10":{"start":{"line":27,"column":16},"end":{"line":34,"column":17}},"11":{"start":{"line":28,"column":20},"end":{"line":null,"column":-1}},"12":{"start":{"line":29,"column":20},"end":{"line":null,"column":-1}},"13":{"start":{"line":30,"column":20},"end":{"line":30,"column":27}},"14":{"start":{"line":32,"column":20},"end":{"line":null,"column":-1}},"15":{"start":{"line":33,"column":20},"end":{"line":33,"column":26}},"16":{"start":{"line":38,"column":12},"end":{"line":null,"column":-1}},"17":{"start":{"line":40,"column":40},"end":{"line":40,"column":18}},"18":{"start":{"line":41,"column":18},"end":{"line":null,"column":-1}},"19":{"start":{"line":42,"column":18},"end":{"line":null,"column":-1}},"20":{"start":{"line":47,"column":27},"end":{"line":47,"column":33}}},"fnMap":{"0":{"name":"(anonymous_0)","decl":{"start":{"line":25,"column":31},"end":{"line":25,"column":32}},"loc":{"start":{"line":25,"column":52},"end":{"line":25,"column":19}}},"1":{"name":"(anonymous_1)","decl":{"start":{"line":39,"column":20},"end":{"line":39,"column":27}},"loc":{"start":{"line":39,"column":32},"end":{"line":38,"column":12}}},"2":{"name":"(anonymous_2)","decl":{"start":{"line":47,"column":18},"end":{"line":47,"column":22}},"loc":{"start":{"line":47,"column":27},"end":{"line":47,"column":33}}}},"branchMap":{"0":{"loc":{"start":{"line":27,"column":16},"end":{"line":34,"column":17}},"type":"if","locations":[{"start":{"line":27,"column":16},"end":{"line":34,"column":17}},{"start":{"line":27,"column":16},"end":{"line":34,"column":17}}]}},"s":{"0":0,"1":0,"2":0,"3":0,"4":0,"5":0,"6":0,"7":0,"8":0,"9":0,"10":0,"11":0,"12":0,"13":0,"14":0,"15":0,"16":0,"17":0,"18":0,"19":0,"20":0},"f":{"0":0,"1":0,"2":0},"b":{"0":[0,0]}}
,"/home/neo/_argo/uczelnia/_mgr/editnow/aplikacja/editnow-core/frontend/src/components/Hello.vue": {"path":"/home/neo/_argo/uczelnia/_mgr/editnow/aplikacja/editnow-core/frontend/src/components/Hello.vue","statementMap":{"0":{"start":{"line":32,"column":0},"end":{"line":null,"column":-1}},"1":{"start":{"line":37,"column":0},"end":{"line":null,"column":-1}},"2":{"start":{"line":54,"column":0},"end":{"line":64,"column":0}},"3":{"start":{"line":56,"column":0},"end":{"line":null,"column":-1}},"4":{"start":{"line":63,"column":0},"end":{"line":null,"column":-1}},"5":{"start":{"line":67,"column":0},"end":{"line":null,"column":-1}},"6":{"start":{"line":68,"column":0},"end":{"line":null,"column":-1}},"7":{"start":{"line":70,"column":0},"end":{"line":84,"column":0}},"8":{"start":{"line":71,"column":0},"end":{"line":null,"column":-1}},"9":{"start":{"line":73,"column":0},"end":{"line":83,"column":0}},"10":{"start":{"line":75,"column":0},"end":{"line":null,"column":-1}},"11":{"start":{"line":82,"column":0},"end":{"line":null,"column":-1}},"12":{"start":{"line":87,"column":0},"end":{"line":null,"column":-1}},"13":{"start":{"line":88,"column":0},"end":{"line":95,"column":0}},"14":{"start":{"line":90,"column":0},"end":{"line":null,"column":-1}},"15":{"start":{"line":91,"column":0},"end":{"line":null,"column":-1}},"16":{"start":{"line":94,"column":0},"end":{"line":null,"column":-1}},"17":{"start":{"line":98,"column":0},"end":{"line":100,"column":0}},"18":{"start":{"line":99,"column":0},"end":{"line":null,"column":-1}}},"fnMap":{"0":{"name":"(anonymous_1)","decl":{"start":{"line":54,"column":0},"end":{"line":null,"column":-1}},"loc":{"start":{"line":54,"column":0},"end":{"line":61,"column":0}}},"1":{"name":"(anonymous_2)","decl":{"start":{"line":61,"column":0},"end":{"line":null,"column":-1}},"loc":{"start":{"line":61,"column":0},"end":{"line":64,"column":0}}},"2":{"name":"(anonymous_3)","decl":{"start":{"line":70,"column":0},"end":{"line":null,"column":-1}},"loc":{"start":{"line":70,"column":0},"end":{"line":84,"column":0}}},"3":{"name":"(anonymous_4)","decl":{"start":{"line":73,"column":0},"end":{"line":null,"column":-1}},"loc":{"start":{"line":73,"column":0},"end":{"line":80,"column":0}}},"4":{"name":"(anonymous_5)","decl":{"start":{"line":80,"column":0},"end":{"line":null,"column":-1}},"loc":{"start":{"line":80,"column":0},"end":{"line":83,"column":0}}},"5":{"name":"(anonymous_6)","decl":{"start":{"line":88,"column":0},"end":{"line":null,"column":-1}},"loc":{"start":{"line":88,"column":0},"end":{"line":92,"column":0}}},"6":{"name":"(anonymous_7)","decl":{"start":{"line":92,"column":0},"end":{"line":null,"column":-1}},"loc":{"start":{"line":92,"column":0},"end":{"line":95,"column":0}}},"7":{"name":"(anonymous_8)","decl":{"start":{"line":98,"column":0},"end":{"line":null,"column":-1}},"loc":{"start":{"line":98,"column":0},"end":{"line":100,"column":0}}}},"branchMap":{},"s":{"0":1,"1":1,"2":0,"3":0,"4":0,"5":0,"6":0,"7":0,"8":0,"9":0,"10":0,"11":0,"12":0,"13":0,"14":0,"15":0,"16":0,"17":0,"18":0},"f":{"0":0,"1":0,"2":0,"3":0,"4":0,"5":0,"6":0,"7":0},"b":{}}
,"/home/neo/_argo/uczelnia/_mgr/editnow/aplikacja/editnow-core/frontend/src/components/api/image-api.js": {"path":"/home/neo/_argo/uczelnia/_mgr/editnow/aplikacja/editnow-core/frontend/src/components/api/image-api.js","statementMap":{"0":{"start":{"line":3,"column":14},"end":{"line":6,"column":2}},"1":{"start":{"line":11,"column":4},"end":{"line":11,"column":35}},"2":{"start":{"line":14,"column":4},"end":{"line":17,"column":7}},"3":{"start":{"line":20,"column":4},"end":{"line":20,"column":44}},"4":{"start":{"line":23,"column":4},"end":{"line":23,"column":39}}},"fnMap":{},"branchMap":{},"s":{"0":1,"1":0,"2":0,"3":0,"4":0},"f":{},"b":{},"_coverageSchema":"332fd63041d2c1bcb487cc26dd0d5f7d97098a6c","hash":"c9c15ef59211e4e53110ad04eb70b94eb7409e01"}
,"/home/neo/_argo/uczelnia/_mgr/editnow/aplikacja/editnow-core/frontend/src/components/api/user-api.js": {"path":"/home/neo/_argo/uczelnia/_mgr/editnow/aplikacja/editnow-core/frontend/src/components/api/user-api.js","statementMap":{"0":{"start":{"line":1,"column":0},"end":{"line":null,"column":-1}},"1":{"start":{"line":3,"column":14},"end":{"line":3,"column":0}},"2":{"start":{"line":11,"column":4},"end":{"line":null,"column":-1}}},"fnMap":{},"branchMap":{},"s":{"0":0,"1":0,"2":0},"f":{},"b":{}}
}
