TN:
SF:/home/neo/_argo/uczelnia/_mgr/editnow/aplikacja/editnow-core/frontend/src/App.vue
FN:20,(anonymous_1)
FNF:1
FNH:0
FNDA:0,(anonymous_1)
DA:15,1
DA:19,1
DA:20,1
DA:22,0
DA:23,0
LF:5
LH:3
BRF:0
BRH:0
end_of_record
TN:
SF:/home/neo/_argo/uczelnia/_mgr/editnow/aplikacja/editnow-core/frontend/src/store.js
FN:25,(anonymous_0)
FN:39,(anonymous_1)
FN:47,(anonymous_2)
FNF:3
FNH:0
FNDA:0,(anonymous_0)
FNDA:0,(anonymous_1)
FNDA:0,(anonymous_2)
DA:1,0
DA:2,0
DA:3,0
DA:4,0
DA:6,0
DA:8,0
DA:17,0
DA:20,0
DA:25,0
DA:26,0
DA:27,0
DA:28,0
DA:29,0
DA:30,0
DA:32,0
DA:33,0
DA:38,0
DA:40,0
DA:41,0
DA:42,0
DA:47,0
LF:21
LH:0
BRDA:27,0,0,0
BRDA:27,0,1,0
BRF:2
BRH:0
end_of_record
TN:
SF:/home/neo/_argo/uczelnia/_mgr/editnow/aplikacja/editnow-core/frontend/src/components/Hello.vue
FN:54,(anonymous_1)
FN:61,(anonymous_2)
FN:70,(anonymous_3)
FN:73,(anonymous_4)
FN:80,(anonymous_5)
FN:88,(anonymous_6)
FN:92,(anonymous_7)
FN:98,(anonymous_8)
FNF:8
FNH:0
FNDA:0,(anonymous_1)
FNDA:0,(anonymous_2)
FNDA:0,(anonymous_3)
FNDA:0,(anonymous_4)
FNDA:0,(anonymous_5)
FNDA:0,(anonymous_6)
FNDA:0,(anonymous_7)
FNDA:0,(anonymous_8)
DA:32,1
DA:37,1
DA:54,0
DA:56,0
DA:63,0
DA:67,0
DA:68,0
DA:70,0
DA:71,0
DA:73,0
DA:75,0
DA:82,0
DA:87,0
DA:88,0
DA:90,0
DA:91,0
DA:94,0
DA:98,0
DA:99,0
LF:19
LH:2
BRF:0
BRH:0
end_of_record
TN:
SF:/home/neo/_argo/uczelnia/_mgr/editnow/aplikacja/editnow-core/frontend/src/components/api/image-api.js
FNF:0
FNH:0
DA:3,1
DA:11,0
DA:14,0
DA:20,0
DA:23,0
LF:5
LH:1
BRF:0
BRH:0
end_of_record
TN:
SF:/home/neo/_argo/uczelnia/_mgr/editnow/aplikacja/editnow-core/frontend/src/components/api/user-api.js
FNF:0
FNH:0
DA:1,0
DA:3,0
DA:11,0
LF:3
LH:0
BRF:0
BRH:0
end_of_record
